2026-04-29 06:49:45,131 - finance.trade_testing.ml_evaluator - WARNING - No model found at models/strategy_scorer.joblib. Using heuristic scoring.
2026-04-29 06:49:45,132 - __main__ - INFO - --- Starting Trade Test: RELIANCE.NS | SMA_Crossover ---
2026-04-29 06:49:45,132 - __main__ - INFO - Step 1: Fetching 1y historical data for RELIANCE.NS...
2026-04-29 06:49:46,137 - __main__ - INFO - Step 2: Running backtest...
2026-04-29 06:49:46,138 - finance.trade_testing.backtester - INFO - Starting backtest with initial capital: 100000.0
2026-04-29 06:49:46,168 - __main__ - INFO - Step 3: Running ML evaluation...
2026-04-29 06:49:46,168 - __main__ - INFO - --- Trade Test Complete ---
2026-04-29 06:49:46,169 - __main__ - INFO - --- Starting Trade Test: RELIANCE.NS | RSI_Standard ---
2026-04-29 06:49:46,169 - __main__ - INFO - Step 1: Fetching 1y historical data for RELIANCE.NS...
2026-04-29 06:49:46,260 - __main__ - INFO - Step 2: Running backtest...
2026-04-29 06:49:46,260 - finance.trade_testing.backtester - INFO - Starting backtest with initial capital: 100000.0
2026-04-29 06:49:46,274 - __main__ - INFO - Step 3: Running ML evaluation...
2026-04-29 06:49:46,275 - __main__ - INFO - --- Trade Test Complete ---
2026-04-29 06:49:46,275 - __main__ - INFO - --- Starting Trade Test: HDFCBANK.NS | SMA_Crossover ---
2026-04-29 06:49:46,276 - __main__ - INFO - Step 1: Fetching 1y historical data for HDFCBANK.NS...
2026-04-29 06:49:46,452 - __main__ - INFO - Step 2: Running backtest...
2026-04-29 06:49:46,453 - finance.trade_testing.backtester - INFO - Starting backtest with initial capital: 100000.0
2026-04-29 06:49:46,460 - __main__ - INFO - Step 3: Running ML evaluation...
2026-04-29 06:49:46,460 - __main__ - INFO - --- Trade Test Complete ---
2026-04-29 06:49:46,460 - __main__ - INFO - --- Starting Trade Test: HDFCBANK.NS | RSI_Standard ---
2026-04-29 06:49:46,460 - __main__ - INFO - Step 1: Fetching 1y historical data for HDFCBANK.NS...
2026-04-29 06:49:46,551 - __main__ - INFO - Step 2: Running backtest...
2026-04-29 06:49:46,551 - finance.trade_testing.backtester - INFO - Starting backtest with initial capital: 100000.0
2026-04-29 06:49:46,560 - __main__ - INFO - Step 3: Running ML evaluation...
2026-04-29 06:49:46,560 - __main__ - INFO - --- Trade Test Complete ---
